2019-12-04T12:32:18+00:00 CRITICAL Maximum execution time of 30 seconds exceeded in C:\xampp\htdocs\grupparbete\wp-includes\Requests\Transport\cURL.php on line 441

2019-12-04T13:05:12+00:00 CRITICAL Uncaught Error: Call to undefined method WC_Order::get_billing_wooccm11() in C:\xampp\htdocs\grupparbete\wp-content\plugins\paymentplugin\paymentplugin.php:64
Stack trace:
#0 C:\xampp\htdocs\grupparbete\wp-content\plugins\woocommerce\includes\class-wc-checkout.php(924): WC_fakturabetalning_Payment_Gateway->process_payment(508)
#1 C:\xampp\htdocs\grupparbete\wp-content\plugins\woocommerce\includes\class-wc-checkout.php(1124): WC_Checkout->process_order_payment(508, 'fakturabetalnin...')
#2 C:\xampp\htdocs\grupparbete\wp-content\plugins\woocommerce\includes\class-wc-ajax.php(462): WC_Checkout->process_checkout()
#3 C:\xampp\htdocs\grupparbete\wp-includes\class-wp-hook.php(288): WC_AJAX::checkout('')
#4 C:\xampp\htdocs\grupparbete\wp-includes\class-wp-hook.php(312): WP_Hook->apply_filters('', Array)
#5 C:\xampp\htdocs\grupparbete\wp-includes\plugin.php(478): WP_Hook->do_action(Array)
#6 C:\xampp\htdocs\grupparbete\wp-content\plugins\woocommerce\includes\class-wc-ajax.php(87): do_action('wc_ajax_checkou...')
#7 C in C:\xampp\htdocs\grupparbete\wp-content\plugins\paymentplugin\paymentplugin.php on line 64

2019-12-04T13:05:27+00:00 CRITICAL Uncaught Error: Call to undefined method WC_Order::get_billing_wooccm11() in C:\xampp\htdocs\grupparbete\wp-content\plugins\paymentplugin\paymentplugin.php:64
Stack trace:
#0 C:\xampp\htdocs\grupparbete\wp-content\plugins\woocommerce\includes\class-wc-checkout.php(924): WC_fakturabetalning_Payment_Gateway->process_payment(508)
#1 C:\xampp\htdocs\grupparbete\wp-content\plugins\woocommerce\includes\class-wc-checkout.php(1124): WC_Checkout->process_order_payment(508, 'fakturabetalnin...')
#2 C:\xampp\htdocs\grupparbete\wp-content\plugins\woocommerce\includes\class-wc-ajax.php(462): WC_Checkout->process_checkout()
#3 C:\xampp\htdocs\grupparbete\wp-includes\class-wp-hook.php(288): WC_AJAX::checkout('')
#4 C:\xampp\htdocs\grupparbete\wp-includes\class-wp-hook.php(312): WP_Hook->apply_filters('', Array)
#5 C:\xampp\htdocs\grupparbete\wp-includes\plugin.php(478): WP_Hook->do_action(Array)
#6 C:\xampp\htdocs\grupparbete\wp-content\plugins\woocommerce\includes\class-wc-ajax.php(87): do_action('wc_ajax_checkou...')
#7 C in C:\xampp\htdocs\grupparbete\wp-content\plugins\paymentplugin\paymentplugin.php on line 64

2019-12-04T13:10:03+00:00 CRITICAL Uncaught Error: Call to undefined method WC_Order::get_billing_wooccm11() in C:\xampp\htdocs\grupparbete\wp-content\plugins\paymentplugin\paymentplugin.php:64
Stack trace:
#0 C:\xampp\htdocs\grupparbete\wp-content\plugins\woocommerce\includes\class-wc-checkout.php(924): WC_fakturabetalning_Payment_Gateway->process_payment(508)
#1 C:\xampp\htdocs\grupparbete\wp-content\plugins\woocommerce\includes\class-wc-checkout.php(1124): WC_Checkout->process_order_payment(508, 'fakturabetalnin...')
#2 C:\xampp\htdocs\grupparbete\wp-content\plugins\woocommerce\includes\class-wc-ajax.php(462): WC_Checkout->process_checkout()
#3 C:\xampp\htdocs\grupparbete\wp-includes\class-wp-hook.php(288): WC_AJAX::checkout('')
#4 C:\xampp\htdocs\grupparbete\wp-includes\class-wp-hook.php(312): WP_Hook->apply_filters('', Array)
#5 C:\xampp\htdocs\grupparbete\wp-includes\plugin.php(478): WP_Hook->do_action(Array)
#6 C:\xampp\htdocs\grupparbete\wp-content\plugins\woocommerce\includes\class-wc-ajax.php(87): do_action('wc_ajax_checkou...')
#7 C in C:\xampp\htdocs\grupparbete\wp-content\plugins\paymentplugin\paymentplugin.php on line 64

2019-12-04T13:11:47+00:00 CRITICAL Uncaught Error: Call to undefined method WC_Order::get_billing_wooccm11() in C:\xampp\htdocs\grupparbete\wp-content\plugins\paymentplugin\paymentplugin.php:64
Stack trace:
#0 C:\xampp\htdocs\grupparbete\wp-content\plugins\woocommerce\includes\class-wc-checkout.php(924): WC_fakturabetalning_Payment_Gateway->process_payment(508)
#1 C:\xampp\htdocs\grupparbete\wp-content\plugins\woocommerce\includes\class-wc-checkout.php(1124): WC_Checkout->process_order_payment(508, 'fakturabetalnin...')
#2 C:\xampp\htdocs\grupparbete\wp-content\plugins\woocommerce\includes\class-wc-ajax.php(462): WC_Checkout->process_checkout()
#3 C:\xampp\htdocs\grupparbete\wp-includes\class-wp-hook.php(288): WC_AJAX::checkout('')
#4 C:\xampp\htdocs\grupparbete\wp-includes\class-wp-hook.php(312): WP_Hook->apply_filters('', Array)
#5 C:\xampp\htdocs\grupparbete\wp-includes\plugin.php(478): WP_Hook->do_action(Array)
#6 C:\xampp\htdocs\grupparbete\wp-content\plugins\woocommerce\includes\class-wc-ajax.php(87): do_action('wc_ajax_checkou...')
#7 C in C:\xampp\htdocs\grupparbete\wp-content\plugins\paymentplugin\paymentplugin.php on line 64

2019-12-04T13:13:37+00:00 CRITICAL Uncaught Error: Call to undefined method WC_Order::get_billing_wooccm11() in C:\xampp\htdocs\grupparbete\wp-content\plugins\paymentplugin\paymentplugin.php:64
Stack trace:
#0 C:\xampp\htdocs\grupparbete\wp-content\plugins\woocommerce\includes\class-wc-checkout.php(924): WC_fakturabetalning_Payment_Gateway->process_payment(509)
#1 C:\xampp\htdocs\grupparbete\wp-content\plugins\woocommerce\includes\class-wc-checkout.php(1124): WC_Checkout->process_order_payment(509, 'fakturabetalnin...')
#2 C:\xampp\htdocs\grupparbete\wp-content\plugins\woocommerce\includes\class-wc-ajax.php(462): WC_Checkout->process_checkout()
#3 C:\xampp\htdocs\grupparbete\wp-includes\class-wp-hook.php(288): WC_AJAX::checkout('')
#4 C:\xampp\htdocs\grupparbete\wp-includes\class-wp-hook.php(312): WP_Hook->apply_filters('', Array)
#5 C:\xampp\htdocs\grupparbete\wp-includes\plugin.php(478): WP_Hook->do_action(Array)
#6 C:\xampp\htdocs\grupparbete\wp-content\plugins\woocommerce\includes\class-wc-ajax.php(87): do_action('wc_ajax_checkou...')
#7 C in C:\xampp\htdocs\grupparbete\wp-content\plugins\paymentplugin\paymentplugin.php on line 64

2019-12-04T13:14:46+00:00 CRITICAL Uncaught Error: Call to undefined method WC_Order::get_billing_wooccm11() in C:\xampp\htdocs\grupparbete\wp-content\plugins\paymentplugin\paymentplugin.php:64
Stack trace:
#0 C:\xampp\htdocs\grupparbete\wp-content\plugins\woocommerce\includes\class-wc-checkout.php(924): WC_fakturabetalning_Payment_Gateway->process_payment(509)
#1 C:\xampp\htdocs\grupparbete\wp-content\plugins\woocommerce\includes\class-wc-checkout.php(1124): WC_Checkout->process_order_payment(509, 'fakturabetalnin...')
#2 C:\xampp\htdocs\grupparbete\wp-content\plugins\woocommerce\includes\class-wc-ajax.php(462): WC_Checkout->process_checkout()
#3 C:\xampp\htdocs\grupparbete\wp-includes\class-wp-hook.php(288): WC_AJAX::checkout('')
#4 C:\xampp\htdocs\grupparbete\wp-includes\class-wp-hook.php(312): WP_Hook->apply_filters('', Array)
#5 C:\xampp\htdocs\grupparbete\wp-includes\plugin.php(478): WP_Hook->do_action(Array)
#6 C:\xampp\htdocs\grupparbete\wp-content\plugins\woocommerce\includes\class-wc-ajax.php(87): do_action('wc_ajax_checkou...')
#7 C in C:\xampp\htdocs\grupparbete\wp-content\plugins\paymentplugin\paymentplugin.php on line 64

2019-12-04T13:15:54+00:00 CRITICAL Uncaught Error: Call to undefined method WC_Order::get_billing_wooccm11() in C:\xampp\htdocs\grupparbete\wp-content\plugins\paymentplugin\paymentplugin.php:64
Stack trace:
#0 C:\xampp\htdocs\grupparbete\wp-content\plugins\woocommerce\includes\class-wc-checkout.php(924): WC_fakturabetalning_Payment_Gateway->process_payment(509)
#1 C:\xampp\htdocs\grupparbete\wp-content\plugins\woocommerce\includes\class-wc-checkout.php(1124): WC_Checkout->process_order_payment(509, 'fakturabetalnin...')
#2 C:\xampp\htdocs\grupparbete\wp-content\plugins\woocommerce\includes\class-wc-ajax.php(462): WC_Checkout->process_checkout()
#3 C:\xampp\htdocs\grupparbete\wp-includes\class-wp-hook.php(288): WC_AJAX::checkout('')
#4 C:\xampp\htdocs\grupparbete\wp-includes\class-wp-hook.php(312): WP_Hook->apply_filters('', Array)
#5 C:\xampp\htdocs\grupparbete\wp-includes\plugin.php(478): WP_Hook->do_action(Array)
#6 C:\xampp\htdocs\grupparbete\wp-content\plugins\woocommerce\includes\class-wc-ajax.php(87): do_action('wc_ajax_checkou...')
#7 C in C:\xampp\htdocs\grupparbete\wp-content\plugins\paymentplugin\paymentplugin.php on line 64

2019-12-04T13:16:22+00:00 CRITICAL Uncaught Error: Call to undefined method WC_Order::get_billing_wooccm11() in C:\xampp\htdocs\grupparbete\wp-content\plugins\paymentplugin\paymentplugin.php:64
Stack trace:
#0 C:\xampp\htdocs\grupparbete\wp-content\plugins\woocommerce\includes\class-wc-checkout.php(924): WC_fakturabetalning_Payment_Gateway->process_payment(509)
#1 C:\xampp\htdocs\grupparbete\wp-content\plugins\woocommerce\includes\class-wc-checkout.php(1124): WC_Checkout->process_order_payment(509, 'fakturabetalnin...')
#2 C:\xampp\htdocs\grupparbete\wp-content\plugins\woocommerce\includes\class-wc-ajax.php(462): WC_Checkout->process_checkout()
#3 C:\xampp\htdocs\grupparbete\wp-includes\class-wp-hook.php(288): WC_AJAX::checkout('')
#4 C:\xampp\htdocs\grupparbete\wp-includes\class-wp-hook.php(312): WP_Hook->apply_filters('', Array)
#5 C:\xampp\htdocs\grupparbete\wp-includes\plugin.php(478): WP_Hook->do_action(Array)
#6 C:\xampp\htdocs\grupparbete\wp-content\plugins\woocommerce\includes\class-wc-ajax.php(87): do_action('wc_ajax_checkou...')
#7 C in C:\xampp\htdocs\grupparbete\wp-content\plugins\paymentplugin\paymentplugin.php on line 64

2019-12-04T13:24:56+00:00 CRITICAL Uncaught Error: Call to a member function get_id() on null in C:\xampp\htdocs\grupparbete\wp-content\plugins\paymentplugin\paymentplugin.php:64
Stack trace:
#0 C:\xampp\htdocs\grupparbete\wp-content\plugins\woocommerce\includes\class-wc-checkout.php(924): WC_fakturabetalning_Payment_Gateway->process_payment(510)
#1 C:\xampp\htdocs\grupparbete\wp-content\plugins\woocommerce\includes\class-wc-checkout.php(1124): WC_Checkout->process_order_payment(510, 'fakturabetalnin...')
#2 C:\xampp\htdocs\grupparbete\wp-content\plugins\woocommerce\includes\class-wc-ajax.php(462): WC_Checkout->process_checkout()
#3 C:\xampp\htdocs\grupparbete\wp-includes\class-wp-hook.php(288): WC_AJAX::checkout('')
#4 C:\xampp\htdocs\grupparbete\wp-includes\class-wp-hook.php(312): WP_Hook->apply_filters('', Array)
#5 C:\xampp\htdocs\grupparbete\wp-includes\plugin.php(478): WP_Hook->do_action(Array)
#6 C:\xampp\htdocs\grupparbete\wp-content\plugins\woocommerce\includes\class-wc-ajax.php(87): do_action('wc_ajax_checkou...')
#7 C:\xampp\htdocs\ in C:\xampp\htdocs\grupparbete\wp-content\plugins\paymentplugin\paymentplugin.php on line 64

2019-12-04T13:34:49+00:00 CRITICAL Uncaught Error: Call to undefined method WC_Order::get_billing_wooccm12() in C:\xampp\htdocs\grupparbete\wp-content\plugins\paymentplugin\paymentplugin.php:65
Stack trace:
#0 C:\xampp\htdocs\grupparbete\wp-content\plugins\woocommerce\includes\class-wc-checkout.php(924): WC_fakturabetalning_Payment_Gateway->process_payment(510)
#1 C:\xampp\htdocs\grupparbete\wp-content\plugins\woocommerce\includes\class-wc-checkout.php(1124): WC_Checkout->process_order_payment(510, 'fakturabetalnin...')
#2 C:\xampp\htdocs\grupparbete\wp-content\plugins\woocommerce\includes\class-wc-ajax.php(462): WC_Checkout->process_checkout()
#3 C:\xampp\htdocs\grupparbete\wp-includes\class-wp-hook.php(288): WC_AJAX::checkout('')
#4 C:\xampp\htdocs\grupparbete\wp-includes\class-wp-hook.php(312): WP_Hook->apply_filters('', Array)
#5 C:\xampp\htdocs\grupparbete\wp-includes\plugin.php(478): WP_Hook->do_action(Array)
#6 C:\xampp\htdocs\grupparbete\wp-content\plugins\woocommerce\includes\class-wc-ajax.php(87): do_action('wc_ajax_checkou...')
#7 C in C:\xampp\htdocs\grupparbete\wp-content\plugins\paymentplugin\paymentplugin.php on line 65

2019-12-04T13:35:49+00:00 CRITICAL Uncaught Error: Call to undefined method WC_Order::get_billing_billing_wooccm12() in C:\xampp\htdocs\grupparbete\wp-content\plugins\paymentplugin\paymentplugin.php:65
Stack trace:
#0 C:\xampp\htdocs\grupparbete\wp-content\plugins\woocommerce\includes\class-wc-checkout.php(924): WC_fakturabetalning_Payment_Gateway->process_payment(510)
#1 C:\xampp\htdocs\grupparbete\wp-content\plugins\woocommerce\includes\class-wc-checkout.php(1124): WC_Checkout->process_order_payment(510, 'fakturabetalnin...')
#2 C:\xampp\htdocs\grupparbete\wp-content\plugins\woocommerce\includes\class-wc-ajax.php(462): WC_Checkout->process_checkout()
#3 C:\xampp\htdocs\grupparbete\wp-includes\class-wp-hook.php(288): WC_AJAX::checkout('')
#4 C:\xampp\htdocs\grupparbete\wp-includes\class-wp-hook.php(312): WP_Hook->apply_filters('', Array)
#5 C:\xampp\htdocs\grupparbete\wp-includes\plugin.php(478): WP_Hook->do_action(Array)
#6 C:\xampp\htdocs\grupparbete\wp-content\plugins\woocommerce\includes\class-wc-ajax.php(87): do_action('wc_ajax_checkou.. in C:\xampp\htdocs\grupparbete\wp-content\plugins\paymentplugin\paymentplugin.php on line 65

2019-12-04T13:37:40+00:00 CRITICAL Uncaught Error: Call to undefined method WC_Order::get_billing_wooccm12() in C:\xampp\htdocs\grupparbete\wp-content\plugins\paymentplugin\paymentplugin.php:65
Stack trace:
#0 C:\xampp\htdocs\grupparbete\wp-content\plugins\woocommerce\includes\class-wc-checkout.php(924): WC_fakturabetalning_Payment_Gateway->process_payment(510)
#1 C:\xampp\htdocs\grupparbete\wp-content\plugins\woocommerce\includes\class-wc-checkout.php(1124): WC_Checkout->process_order_payment(510, 'fakturabetalnin...')
#2 C:\xampp\htdocs\grupparbete\wp-content\plugins\woocommerce\includes\class-wc-ajax.php(462): WC_Checkout->process_checkout()
#3 C:\xampp\htdocs\grupparbete\wp-includes\class-wp-hook.php(288): WC_AJAX::checkout('')
#4 C:\xampp\htdocs\grupparbete\wp-includes\class-wp-hook.php(312): WP_Hook->apply_filters('', Array)
#5 C:\xampp\htdocs\grupparbete\wp-includes\plugin.php(478): WP_Hook->do_action(Array)
#6 C:\xampp\htdocs\grupparbete\wp-content\plugins\woocommerce\includes\class-wc-ajax.php(87): do_action('wc_ajax_checkou...')
#7 C in C:\xampp\htdocs\grupparbete\wp-content\plugins\paymentplugin\paymentplugin.php on line 65

